c:\users\admin\source\repos\queryapp\queryapplib\x64\debug\queryapplib.pch
c:\users\admin\source\repos\queryapp\x64\debug\queryapplib.pdb
c:\users\admin\source\repos\queryapp\x64\debug\queryapplib.idb
c:\users\admin\source\repos\queryapp\queryapplib\x64\debug\pch.obj
c:\users\admin\source\repos\queryapp\queryapplib\x64\debug\valuevariable.obj
c:\users\admin\source\repos\queryapp\queryapplib\x64\debug\valuereceiverjson.obj
c:\users\admin\source\repos\queryapp\queryapplib\x64\debug\value.obj
c:\users\admin\source\repos\queryapp\queryapplib\x64\debug\utilities.obj
c:\users\admin\source\repos\queryapp\queryapplib\x64\debug\specificvalue.obj
c:\users\admin\source\repos\queryapp\queryapplib\x64\debug\queryapplib.obj
c:\users\admin\source\repos\queryapp\queryapplib\x64\debug\expression.obj
c:\users\admin\source\repos\queryapp\queryapplib\x64\debug\constantvalue.obj
c:\users\admin\source\repos\queryapp\queryapplib\x64\debug\constantexpression.obj
c:\users\admin\source\repos\queryapp\queryapplib\x64\debug\comparisonexpression.obj
c:\users\admin\source\repos\queryapp\queryapplib\x64\debug\booleanexpression.obj
c:\users\admin\source\repos\queryapp\x64\debug\queryapplib.lib
c:\users\admin\source\repos\queryapp\queryapplib\x64\debug\queryapplib.tlog\cl.command.1.tlog
c:\users\admin\source\repos\queryapp\queryapplib\x64\debug\queryapplib.tlog\cl.items.tlog
c:\users\admin\source\repos\queryapp\queryapplib\x64\debug\queryapplib.tlog\cl.read.1.tlog
c:\users\admin\source\repos\queryapp\queryapplib\x64\debug\queryapplib.tlog\cl.write.1.tlog
c:\users\admin\source\repos\queryapp\queryapplib\x64\debug\queryapplib.tlog\lib-link.read.1.tlog
c:\users\admin\source\repos\queryapp\queryapplib\x64\debug\queryapplib.tlog\lib-link.write.1.tlog
c:\users\admin\source\repos\queryapp\queryapplib\x64\debug\queryapplib.tlog\lib.command.1.tlog
